#
# There is insufficient memory for the Java Runtime Environment to continue.
# Native memory allocation (malloc) failed to allocate 1048576 bytes. Error detail: AllocateHeap
# Possible reasons:
#   The system is out of physical RAM or swap space
#   This process is running with CompressedOops enabled, and the Java Heap may be blocking the growth of the native heap
# Possible solutions:
#   Reduce memory load on the system
#   Increase physical memory or swap space
#   Check if swap backing store is full
#   Decrease Java heap size (-Xmx/-Xms)
#   Decrease number of Java threads
#   Decrease Java thread stack sizes (-Xss)
#   Set larger code cache with -XX:ReservedCodeCacheSize=
#   JVM is running with Unscaled Compressed Oops mode in which the Java heap is
#     placed in the first 4GB address space. The Java Heap base address is the
#     maximum limit for the native heap growth. Please use -XX:HeapBaseMinAddress
#     to set the Java Heap base and to place the Java Heap above 4GB virtual address.
# This output file may be truncated or incomplete.
#
#  Out of Memory Error (allocation.cpp:44), pid=21348, tid=21552
#
# JRE version: OpenJDK Runtime Environment Temurin-21.0.10+7 (21.0.10+7) (build 21.0.10+7-LTS)
# Java VM: OpenJDK 64-Bit Server VM Temurin-21.0.10+7 (21.0.10+7-LTS, mixed mode, sharing, tiered, compressed oops, compressed class ptrs, parallel gc, windows-amd64)
# No core dump will be written. Minidumps are not enabled by default on client versions of Windows
#

---------------  S U M M A R Y ------------

Command Line: --add-modules=ALL-SYSTEM --add-opens=java.base/java.util=ALL-UNNAMED --add-opens=java.base/java.lang=ALL-UNNAMED --add-opens=java.base/sun.nio.fs=ALL-UNNAMED -Declipse.application=org.eclipse.jdt.ls.core.id1 -Dosgi.bundles.defaultStartLevel=4 -Declipse.product=org.eclipse.jdt.ls.core.product -Djava.import.generatesMetadataFilesAtProjectRoot=false -DDetectVMInstallationsJob.disabled=true -Dfile.encoding=utf8 -XX:+UseParallelGC -XX:GCTimeRatio=4 -XX:AdaptiveSizePolicyWeight=90 -Dsun.zip.disableMemoryMapping=true -Xmx2G -Xms100m -Xlog:disable -javaagent:c:\Users\barek\.vscode\extensions\redhat.java-1.53.0-win32-x64\lombok\lombok-1.18.39-4050.jar -XX:+HeapDumpOnOutOfMemoryError -XX:HeapDumpPath=c:\Users\barek\AppData\Roaming\Code\User\workspaceStorage\1155acb17c0871c5a09cc416a4def1d1\redhat.java -Daether.dependencyCollector.impl=bf c:\Users\barek\.vscode\extensions\redhat.java-1.53.0-win32-x64\server\plugins\org.eclipse.equinox.launcher_1.7.100.v20251111-0406.jar -configuration c:\Users\barek\AppData\Roaming\Code\User\globalStorage\redhat.java\1.53.0\config_win -data c:\Users\barek\AppData\Roaming\Code\User\workspaceStorage\1155acb17c0871c5a09cc416a4def1d1\redhat.java\jdt_ws --pipe=\\.\pipe\lsp-05b66dd216bfe673e5e5d0c5a023dd31-sock

Host: AMD Ryzen 5 5500U with Radeon Graphics         , 12 cores, 5G,  Windows 11 , 64 bit Build 26100 (10.0.26100.7920)
Time: Tue Mar 31 15:20:23 2026 elapsed time: 93972.084574 seconds (1d 2h 6m 12s)

---------------  T H R E A D  ---------------

Current thread (0x000001e5243fb290):  JavaThread "Attach Listener" daemon [_thread_in_vm, id=21552, stack(0x00000022ef700000,0x00000022ef800000) (1024K)]

Stack: [0x00000022ef700000,0x00000022ef800000]
Native frames: (J=compiled Java code, j=interpreted, Vv=VM code, C=native code)
V  [jvm.dll+0x6d7a39]
V  [jvm.dll+0x8b4b26]
V  [jvm.dll+0x8b70de]
V  [jvm.dll+0x8b77c3]
V  [jvm.dll+0x284346]
V  [jvm.dll+0xc1277]
V  [jvm.dll+0x6d82e9]
V  [jvm.dll+0x1334a6]
V  [jvm.dll+0x3f857e]
V  [jvm.dll+0x85f59d]
V  [jvm.dll+0x6d626d]
C  [ucrtbase.dll+0x37b0]
C  [KERNEL32.DLL+0x2e8d7]
C  [ntdll.dll+0x8c48c]


---------------  P R O C E S S  ---------------

Threads class SMR info:
_java_thread_list=0x000001e57f245010, length=39, elements={
0x000001e52434fcc0, 0x000001e5242fe8d0, 0x000001e5243f5ed0, 0x000001e5243fa830,
0x000001e5243fb290, 0x000001e5243ff4e0, 0x000001e5243fff40, 0x000001e5244042f0,
0x000001e52440b2a0, 0x000001e57d3419d0, 0x000001e57e19ddb0, 0x000001e57e5aa560,
0x000001e57e5a9840, 0x000001e57e5a8490, 0x000001e57e5a7770, 0x000001e57e5a70e0,
0x000001e57e5a9ed0, 0x000001e57e5a91b0, 0x000001e57e5a8b20, 0x000001e5040b0870,
0x000001e5040b0f00, 0x000001e5040b01e0, 0x000001e5040b22b0, 0x000001e5040b3cf0,
0x000001e5040b2940, 0x000001e5040b2fd0, 0x000001e5040b4380, 0x000001e5040b4a10,
0x000001e5040b1590, 0x000001e5040b50a0, 0x000001e5040b5dc0, 0x000001e5040b5730,
0x000001e5040b6ae0, 0x000001e5040b6450, 0x000001e5040b7170, 0x000001e5040b7800,
0x000001e50430c4e0, 0x000001e50430d200, 0x000001e50430be50
}

Java Threads: ( => current thread )
  0x000001e52434fcc0 JavaThread "main"                              [_thread_blocked, id=22380, stack(0x00000022ef000000,0x00000022ef100000) (1024K)]
  0x000001e5242fe8d0 JavaThread "Reference Handler"          daemon [_thread_blocked, id=21556, stack(0x00000022ef400000,0x00000022ef500000) (1024K)]
  0x000001e5243f5ed0 JavaThread "Finalizer"                  daemon [_thread_blocked, id=21300, stack(0x00000022ef500000,0x00000022ef600000) (1024K)]
  0x000001e5243fa830 JavaThread "Signal Dispatcher"          daemon [_thread_blocked, id=1556, stack(0x00000022ef600000,0x00000022ef700000) (1024K)]
=>0x000001e5243fb290 JavaThread "Attach Listener"            daemon [_thread_in_vm, id=21552, stack(0x00000022ef700000,0x00000022ef800000) (1024K)]
  0x000001e5243ff4e0 JavaThread "Service Thread"             daemon [_thread_blocked, id=21280, stack(0x00000022ef800000,0x00000022ef900000) (1024K)]
  0x000001e5243fff40 JavaThread "Monitor Deflation Thread"   daemon [_thread_blocked, id=21512, stack(0x00000022ef900000,0x00000022efa00000) (1024K)]
  0x000001e5244042f0 JavaThread "C2 CompilerThread0"         daemon [_thread_blocked, id=20016, stack(0x00000022efa00000,0x00000022efb00000) (1024K)]
  0x000001e52440b2a0 JavaThread "C1 CompilerThread0"         daemon [_thread_blocked, id=21568, stack(0x00000022efb00000,0x00000022efc00000) (1024K)]
  0x000001e57d3419d0 JavaThread "Common-Cleaner"             daemon [_thread_blocked, id=22452, stack(0x00000022efc00000,0x00000022efd00000) (1024K)]
  0x000001e57e19ddb0 JavaThread "Notification Thread"        daemon [_thread_blocked, id=21912, stack(0x00000022efe00000,0x00000022eff00000) (1024K)]
  0x000001e57e5aa560 JavaThread "Active Thread: Equinox Container: 86b17dc4-e251-4895-ae27-292fb2bf60bc"        [_thread_blocked, id=22336, stack(0x00000022efd00000,0x00000022efe00000) (1024K)]
  0x000001e57e5a9840 JavaThread "Refresh Thread: Equinox Container: 86b17dc4-e251-4895-ae27-292fb2bf60bc" daemon [_thread_blocked, id=20884, stack(0x00000022f0600000,0x00000022f0700000) (1024K)]
  0x000001e57e5a8490 JavaThread "Framework Event Dispatcher: Equinox Container: 86b17dc4-e251-4895-ae27-292fb2bf60bc" daemon [_thread_blocked, id=14412, stack(0x00000022f0700000,0x00000022f0800000) (1024K)]
  0x000001e57e5a7770 JavaThread "Start Level: Equinox Container: 86b17dc4-e251-4895-ae27-292fb2bf60bc" daemon [_thread_blocked, id=22460, stack(0x00000022f0800000,0x00000022f0900000) (1024K)]
  0x000001e57e5a70e0 JavaThread "Bundle File Closer"         daemon [_thread_blocked, id=12912, stack(0x00000022f0c00000,0x00000022f0d00000) (1024K)]
  0x000001e57e5a9ed0 JavaThread "SCR Component Actor"        daemon [_thread_blocked, id=21716, stack(0x00000022f0900000,0x00000022f0a00000) (1024K)]
  0x000001e57e5a91b0 JavaThread "Worker-JM"                         [_thread_blocked, id=14124, stack(0x00000022f0e00000,0x00000022f0f00000) (1024K)]
  0x000001e57e5a8b20 JavaThread "JNA Cleaner"                daemon [_thread_blocked, id=18160, stack(0x00000022f0f00000,0x00000022f1000000) (1024K)]
  0x000001e5040b0870 JavaThread "Java indexing"              daemon [_thread_blocked, id=14064, stack(0x00000022f1200000,0x00000022f1300000) (1024K)]
  0x000001e5040b0f00 JavaThread "Worker-2"                          [_thread_blocked, id=22352, stack(0x00000022f1500000,0x00000022f1600000) (1024K)]
  0x000001e5040b01e0 JavaThread "Worker-3"                          [_thread_blocked, id=11260, stack(0x00000022f1600000,0x00000022f1700000) (1024K)]
  0x000001e5040b22b0 JavaThread "Thread-1"                   daemon [_thread_in_native, id=20760, stack(0x00000022f1700000,0x00000022f1800000) (1024K)]
  0x000001e5040b3cf0 JavaThread "Thread-2"                   daemon [_thread_in_native, id=14848, stack(0x00000022f1800000,0x00000022f1900000) (1024K)]
  0x000001e5040b2940 JavaThread "Thread-3"                   daemon [_thread_in_native, id=2112, stack(0x00000022f1900000,0x00000022f1a00000) (1024K)]
  0x000001e5040b2fd0 JavaThread "Thread-4"                   daemon [_thread_in_native, id=14708, stack(0x00000022f1a00000,0x00000022f1b00000) (1024K)]
  0x000001e5040b4380 JavaThread "Thread-5"                   daemon [_thread_in_native, id=4968, stack(0x00000022f1b00000,0x00000022f1c00000) (1024K)]
  0x000001e5040b4a10 JavaThread "Thread-6"                   daemon [_thread_in_native, id=20184, stack(0x00000022f1c00000,0x00000022f1d00000) (1024K)]
  0x000001e5040b1590 JavaThread "Thread-7"                   daemon [_thread_in_native, id=20200, stack(0x00000022f1d00000,0x00000022f1e00000) (1024K)]
  0x000001e5040b50a0 JavaThread "Thread-8"                   daemon [_thread_in_native, id=20204, stack(0x00000022f1e00000,0x00000022f1f00000) (1024K)]
  0x000001e5040b5dc0 JavaThread "Thread-9"                   daemon [_thread_in_native, id=20296, stack(0x00000022f1f00000,0x00000022f2000000) (1024K)]
  0x000001e5040b5730 JavaThread "Thread-10"                  daemon [_thread_in_native, id=20312, stack(0x00000022f2000000,0x00000022f2100000) (1024K)]
  0x000001e5040b6ae0 JavaThread "Thread-11"                  daemon [_thread_in_native, id=20316, stack(0x00000022f2100000,0x00000022f2200000) (1024K)]
  0x000001e5040b6450 JavaThread "Thread-12"                  daemon [_thread_in_native, id=5600, stack(0x00000022f2200000,0x00000022f2300000) (1024K)]
  0x000001e5040b7170 JavaThread "Thread-13"                  daemon [_thread_in_native, id=11036, stack(0x00000022f2300000,0x00000022f2400000) (1024K)]
  0x000001e5040b7800 JavaThread "pool-2-thread-1"                   [_thread_blocked, id=22180, stack(0x00000022f2400000,0x00000022f2500000) (1024K)]
  0x000001e50430c4e0 JavaThread "WorkspaceEventsHandler"            [_thread_blocked, id=19720, stack(0x00000022f2600000,0x00000022f2700000) (1024K)]
  0x000001e50430d200 JavaThread "pool-1-thread-1"                   [_thread_blocked, id=20168, stack(0x00000022f2700000,0x00000022f2800000) (1024K)]
  0x000001e50430be50 JavaThread "Timer-0"                           [_thread_blocked, id=21564, stack(0x00000022f2b00000,0x00000022f2c00000) (1024K)]
Total: 39

Other Threads:
  0x000001e5242e4940 VMThread "VM Thread"                           [id=12796, stack(0x00000022ef300000,0x00000022ef400000) (1024K)]
  0x000001e5241dca00 WatcherThread "VM Periodic Task Thread"        [id=7344, stack(0x00000022ef200000,0x00000022ef300000) (1024K)]
  0x000001e52436e020 WorkerThread "GC Thread#0"                     [id=22500, stack(0x00000022ef100000,0x00000022ef200000) (1024K)]
  0x000001e57e175100 WorkerThread "GC Thread#1"                     [id=22340, stack(0x00000022eff00000,0x00000022f0000000) (1024K)]
  0x000001e57e1754b0 WorkerThread "GC Thread#2"                     [id=21288, stack(0x00000022f0000000,0x00000022f0100000) (1024K)]
  0x000001e57e5cd0e0 WorkerThread "GC Thread#3"                     [id=1888, stack(0x00000022f0100000,0x00000022f0200000) (1024K)]
  0x000001e57e5cd490 WorkerThread "GC Thread#4"                     [id=22156, stack(0x00000022f0200000,0x00000022f0300000) (1024K)]
  0x000001e57e5cd840 WorkerThread "GC Thread#5"                     [id=22120, stack(0x00000022f0300000,0x00000022f0400000) (1024K)]
  0x000001e57e5b2600 WorkerThread "GC Thread#6"                     [id=22404, stack(0x00000022f0400000,0x00000022f0500000) (1024K)]
  0x000001e57ea9ab70 WorkerThread "GC Thread#7"                     [id=21576, stack(0x00000022f0500000,0x00000022f0600000) (1024K)]
  0x000001e57e16f180 WorkerThread "GC Thread#8"                     [id=22424, stack(0x00000022f0a00000,0x00000022f0b00000) (1024K)]
  0x000001e57e16df10 WorkerThread "GC Thread#9"                     [id=11248, stack(0x00000022f0b00000,0x00000022f0c00000) (1024K)]
Total: 12

Threads with active compile tasks:
Total: 0

VM state: not at safepoint (normal execution)

VM Mutex/Monitor currently owned by a thread: None

Heap address: 0x0000000080000000, size: 2048 MB, Compressed Oops mode: 32-bit

CDS archive(s) mapped at: [0x000001e53b000000-0x000001e53bba0000-0x000001e53bba0000), size 12189696, SharedBaseAddress: 0x000001e53b000000, ArchiveRelocationMode: 1.
Compressed class space mapped at: 0x000001e53c000000-0x000001e57c000000, reserved size: 1073741824
Narrow klass base: 0x000001e53b000000, Narrow klass shift: 0, Narrow klass range: 0x100000000

GC Precious Log:
 CardTable entry size: 512
 CPUs: 12 total, 12 available
 Memory: 6005M
 Large Page Support: Disabled
 NUMA Support: Disabled
 Compressed Oops: Enabled (32-bit)
 Alignments: Space 512K, Generation 512K, Heap 2M
 Heap Min Capacity: 100M
 Heap Initial Capacity: 100M
 Heap Max Capacity: 2G
 Pre-touch: Disabled
 Parallel Workers: 10

Heap:
 PSYoungGen      total 14848K, used 7835K [0x00000000d5580000, 0x00000000d6580000, 0x0000000100000000)
  eden space 14336K, 52% used [0x00000000d5580000,0x00000000d5cd6c00,0x00000000d6380000)
  from space 512K, 62% used [0x00000000d6480000,0x00000000d64d0000,0x00000000d6500000)
  to   space 512K, 0% used [0x00000000d6500000,0x00000000d6500000,0x00000000d6580000)
 ParOldGen       total 68608K, used 58353K [0x0000000080000000, 0x0000000084300000, 0x00000000d5580000)
  object space 68608K, 85% used [0x0000000080000000,0x00000000838fc790,0x0000000084300000)
 Metaspace       used 66219K, committed 67648K, reserved 1114112K
  class space    used 7736K, committed 8320K, reserved 1048576K

Card table byte_map: [0x000001e523cf0000,0x000001e524100000] _byte_map_base: 0x000001e5238f0000

Marking Bits: (ParMarkBitMap*) 0x00007ffc373f3450
 Begin Bits: [0x000001e536800000, 0x000001e538800000)
 End Bits:   [0x000001e538800000, 0x000001e53a800000)

Polling page: 0x000001e522180000

Metaspace:

Usage:
  Non-class:     57.11 MB used.
      Class:      7.56 MB used.
       Both:     64.67 MB used.

Virtual space:
  Non-class space:       64.00 MB reserved,      57.94 MB ( 91%) committed,  1 nodes.
      Class space:        1.00 GB reserved,       8.12 MB ( <1%) committed,  1 nodes.
             Both:        1.06 GB reserved,      66.06 MB (  6%) committed. 

Chunk freelists:
   Non-Class:  6.04 MB
       Class:  7.76 MB
        Both:  13.79 MB

MaxMetaspaceSize: unlimited
CompressedClassSpaceSize: 1.00 GB
Initial GC threshold: 21.00 MB
Current GC threshold: 97.31 MB
CDS: on
 - commit_granule_bytes: 65536.
 - commit_granule_words: 8192.
 - virtual_space_node_default_size: 8388608.
 - enlarge_chunks_in_place: 1.
 - use_allocation_guard: 0.


Internal statistics:

num_allocs_failed_limit: 9.
num_arena_births: 1182.
num_arena_deaths: 40.
num_vsnodes_births: 2.
num_vsnodes_deaths: 0.
num_space_committed: 1057.
num_space_uncommitted: 0.
num_chunks_returned_to_freelist: 61.
num_chunks_taken_from_freelist: 3998.
num_chunk_merges: 13.
num_chunk_splits: 2508.
num_chunks_enlarged: 1542.
num_inconsistent_stats: 0.

CodeHeap 'non-profiled nmethods': size=120000Kb used=6216Kb max_used=6216Kb free=113783Kb
 bounds [0x000001e52f020000, 0x000001e52f640000, 0x000001e536550000]
CodeHeap 'profiled nmethods': size=120000Kb used=18421Kb max_used=18421Kb free=101578Kb
 bounds [0x000001e527550000, 0x000001e528750000, 0x000001e52ea80000]
CodeHeap 'non-nmethods': size=5760Kb used=1437Kb max_used=1496Kb free=4323Kb
 bounds [0x000001e52ea80000, 0x000001e52ecf0000, 0x000001e52f020000]
CodeCache: size=245760Kb, used=26074Kb, max_used=26133Kb, free=219684Kb
 total_blobs=9913, nmethods=9169, adapters=650, full_count=0
Compilation: enabled, stopped_count=0, restarted_count=0

Compilation events (20 events):
Event: 92336.203 Thread 0x000001e52440b2a0 9952       3       org.eclipse.core.runtime.jobs.Job::setSystem (6 bytes)
Event: 92336.207 Thread 0x000001e52440b2a0 nmethod 9952 0x000001e52874af10 code [0x000001e52874b0c0, 0x000001e52874b200]
Event: 92336.207 Thread 0x000001e52440b2a0 9953   !   3       org.eclipse.core.internal.jobs.InternalJob::setSystem (58 bytes)
Event: 92336.213 Thread 0x000001e52440b2a0 nmethod 9953 0x000001e52874b290 code [0x000001e52874b460, 0x000001e52874b8b8]
Event: 92608.745 Thread 0x000001e5244042f0 9954   !   4       java.util.concurrent.locks.AbstractQueuedSynchronizer$ConditionObject::newConditionNode (78 bytes)
Event: 92608.834 Thread 0x000001e5244042f0 nmethod 9954 0x000001e52f630990 code [0x000001e52f630b80, 0x000001e52f630f18]
Event: 92646.271 Thread 0x000001e5244042f0 9955   !   4       java.util.concurrent.locks.AbstractQueuedSynchronizer::reacquire (64 bytes)
Event: 92646.286 Thread 0x000001e5244042f0 nmethod 9955 0x000001e52f631210 code [0x000001e52f6313c0, 0x000001e52f6315b0]
Event: 93236.256 Thread 0x000001e52440b2a0 9956       3       sun.security.provider.AbstractDrbg::engineNextBytes (15 bytes)
Event: 93236.292 Thread 0x000001e52440b2a0 nmethod 9956 0x000001e52874bb10 code [0x000001e52874bcc0, 0x000001e52874be60]
Event: 93236.292 Thread 0x000001e52440b2a0 9957       3       java.security.DrbgParameters::nextBytes (11 bytes)
Event: 93236.294 Thread 0x000001e52440b2a0 nmethod 9957 0x000001e52874bf10 code [0x000001e52874c0c0, 0x000001e52874c258]
Event: 93236.294 Thread 0x000001e52440b2a0 9958       3       java.security.DrbgParameters$NextBytes::<init> (66 bytes)
Event: 93236.319 Thread 0x000001e52440b2a0 nmethod 9958 0x000001e52874c310 code [0x000001e52874c560, 0x000001e52874cdf0]
Event: 93236.338 Thread 0x000001e52440b2a0 9959   !   3       org.eclipse.core.internal.jobs.ImplicitJobs::notifyWaitingThreadJobs (23 bytes)
Event: 93236.345 Thread 0x000001e52440b2a0 nmethod 9959 0x000001e52874d110 code [0x000001e52874d2c0, 0x000001e52874d510]
Event: 93309.329 Thread 0x000001e5244042f0 9960       4       java.util.concurrent.locks.AbstractQueuedSynchronizer$ConditionObject::enableWait (84 bytes)
Event: 93309.394 Thread 0x000001e5244042f0 nmethod 9960 0x000001e52f631710 code [0x000001e52f6318e0, 0x000001e52f631be8]
Event: 93538.859 Thread 0x000001e5244042f0 9961       4       java.util.concurrent.locks.AbstractQueuedSynchronizer$ConditionObject::unlinkCancelledWaiters (91 bytes)
Event: 93538.886 Thread 0x000001e5244042f0 nmethod 9961 0x000001e52f631e90 code [0x000001e52f632020, 0x000001e52f632188]

GC Heap History (20 events):
Event: 77.478 GC heap before
{Heap before GC invocations=43 (full 3):
 PSYoungGen      total 17920K, used 17776K [0x00000000d5580000, 0x00000000d6880000, 0x0000000100000000)
  eden space 16384K, 100% used [0x00000000d5580000,0x00000000d6580000,0x00000000d6580000)
  from space 1536K, 90% used [0x00000000d6580000,0x00000000d66dc010,0x00000000d6700000)
  to   space 1536K, 0% used [0x00000000d6700000,0x00000000d6700000,0x00000000d6880000)
 ParOldGen       total 68608K, used 54165K [0x0000000080000000, 0x0000000084300000, 0x00000000d5580000)
  object space 68608K, 78% used [0x0000000080000000,0x00000000834e5460,0x0000000084300000)
 Metaspace       used 63975K, committed 65344K, reserved 1114112K
  class space    used 7542K, committed 8128K, reserved 1048576K
}
Event: 77.481 GC heap after
{Heap after GC invocations=43 (full 3):
 PSYoungGen      total 15872K, used 1528K [0x00000000d5580000, 0x00000000d6c80000, 0x0000000100000000)
  eden space 14336K, 0% used [0x00000000d5580000,0x00000000d5580000,0x00000000d6380000)
  from space 1536K, 99% used [0x00000000d6700000,0x00000000d687e210,0x00000000d6880000)
  to   space 3584K, 0% used [0x00000000d6380000,0x00000000d6380000,0x00000000d6700000)
 ParOldGen       total 68608K, used 55669K [0x0000000080000000, 0x0000000084300000, 0x00000000d5580000)
  object space 68608K, 81% used [0x0000000080000000,0x000000008365d4a0,0x0000000084300000)
 Metaspace       used 63975K, committed 65344K, reserved 1114112K
  class space    used 7542K, committed 8128K, reserved 1048576K
}
Event: 10709.479 GC heap before
{Heap before GC invocations=44 (full 3):
 PSYoungGen      total 15872K, used 15864K [0x00000000d5580000, 0x00000000d6c80000, 0x0000000100000000)
  eden space 14336K, 100% used [0x00000000d5580000,0x00000000d6380000,0x00000000d6380000)
  from space 1536K, 99% used [0x00000000d6700000,0x00000000d687e210,0x00000000d6880000)
  to   space 3584K, 0% used [0x00000000d6380000,0x00000000d6380000,0x00000000d6700000)
 ParOldGen       total 68608K, used 55669K [0x0000000080000000, 0x0000000084300000, 0x00000000d5580000)
  object space 68608K, 81% used [0x0000000080000000,0x000000008365d4a0,0x0000000084300000)
 Metaspace       used 64600K, committed 65920K, reserved 1114112K
  class space    used 7595K, committed 8128K, reserved 1048576K
}
Event: 10709.560 GC heap after
{Heap after GC invocations=44 (full 3):
 PSYoungGen      total 15360K, used 928K [0x00000000d5580000, 0x00000000d6780000, 0x0000000100000000)
  eden space 14336K, 0% used [0x00000000d5580000,0x00000000d5580000,0x00000000d6380000)
  from space 1024K, 90% used [0x00000000d6380000,0x00000000d6468040,0x00000000d6480000)
  to   space 2048K, 0% used [0x00000000d6580000,0x00000000d6580000,0x00000000d6780000)
 ParOldGen       total 68608K, used 57053K [0x0000000080000000, 0x0000000084300000, 0x00000000d5580000)
  object space 68608K, 83% used [0x0000000080000000,0x00000000837b76b0,0x0000000084300000)
 Metaspace       used 64600K, committed 65920K, reserved 1114112K
  class space    used 7595K, committed 8128K, reserved 1048576K
}
Event: 22495.212 GC heap before
{Heap before GC invocations=45 (full 3):
 PSYoungGen      total 15360K, used 15264K [0x00000000d5580000, 0x00000000d6780000, 0x0000000100000000)
  eden space 14336K, 100% used [0x00000000d5580000,0x00000000d6380000,0x00000000d6380000)
  from space 1024K, 90% used [0x00000000d6380000,0x00000000d6468040,0x00000000d6480000)
  to   space 2048K, 0% used [0x00000000d6580000,0x00000000d6580000,0x00000000d6780000)
 ParOldGen       total 68608K, used 57053K [0x0000000080000000, 0x0000000084300000, 0x00000000d5580000)
  object space 68608K, 83% used [0x0000000080000000,0x00000000837b76b0,0x0000000084300000)
 Metaspace       used 64720K, committed 66112K, reserved 1114112K
  class space    used 7595K, committed 8128K, reserved 1048576K
}
Event: 22495.288 GC heap after
{Heap after GC invocations=45 (full 3):
 PSYoungGen      total 14848K, used 288K [0x00000000d5580000, 0x00000000d6600000, 0x0000000100000000)
  eden space 14336K, 0% used [0x00000000d5580000,0x00000000d5580000,0x00000000d6380000)
  from space 512K, 56% used [0x00000000d6580000,0x00000000d65c8000,0x00000000d6600000)
  to   space 1024K, 0% used [0x00000000d6400000,0x00000000d6400000,0x00000000d6500000)
 ParOldGen       total 68608K, used 57809K [0x0000000080000000, 0x0000000084300000, 0x00000000d5580000)
  object space 68608K, 84% used [0x0000000080000000,0x00000000838745e0,0x0000000084300000)
 Metaspace       used 64720K, committed 66112K, reserved 1114112K
  class space    used 7595K, committed 8128K, reserved 1048576K
}
Event: 91422.158 GC heap before
{Heap before GC invocations=46 (full 3):
 PSYoungGen      total 14848K, used 14624K [0x00000000d5580000, 0x00000000d6600000, 0x0000000100000000)
  eden space 14336K, 100% used [0x00000000d5580000,0x00000000d6380000,0x00000000d6380000)
  from space 512K, 56% used [0x00000000d6580000,0x00000000d65c8000,0x00000000d6600000)
  to   space 1024K, 0% used [0x00000000d6400000,0x00000000d6400000,0x00000000d6500000)
 ParOldGen       total 68608K, used 57809K [0x0000000080000000, 0x0000000084300000, 0x00000000d5580000)
  object space 68608K, 84% used [0x0000000080000000,0x00000000838745e0,0x0000000084300000)
 Metaspace       used 65351K, committed 66624K, reserved 1114112K
  class space    used 7664K, committed 8192K, reserved 1048576K
}
Event: 91422.182 GC heap after
{Heap after GC invocations=46 (full 3):
 PSYoungGen      total 15360K, used 512K [0x00000000d5580000, 0x00000000d6600000, 0x0000000100000000)
  eden space 14336K, 0% used [0x00000000d5580000,0x00000000d5580000,0x00000000d6380000)
  from space 1024K, 50% used [0x00000000d6400000,0x00000000d6480000,0x00000000d6500000)
  to   space 1024K, 0% used [0x00000000d6500000,0x00000000d6500000,0x00000000d6600000)
 ParOldGen       total 68608K, used 57865K [0x0000000080000000, 0x0000000084300000, 0x00000000d5580000)
  object space 68608K, 84% used [0x0000000080000000,0x00000000838825e0,0x0000000084300000)
 Metaspace       used 65351K, committed 66624K, reserved 1114112K
  class space    used 7664K, committed 8192K, reserved 1048576K
}
Event: 91422.894 GC heap before
{Heap before GC invocations=47 (full 3):
 PSYoungGen      total 15360K, used 14848K [0x00000000d5580000, 0x00000000d6600000, 0x0000000100000000)
  eden space 14336K, 100% used [0x00000000d5580000,0x00000000d6380000,0x00000000d6380000)
  from space 1024K, 50% used [0x00000000d6400000,0x00000000d6480000,0x00000000d6500000)
  to   space 1024K, 0% used [0x00000000d6500000,0x00000000d6500000,0x00000000d6600000)
 ParOldGen       total 68608K, used 57865K [0x0000000080000000, 0x0000000084300000, 0x00000000d5580000)
  object space 68608K, 84% used [0x0000000080000000,0x00000000838825e0,0x0000000084300000)
 Metaspace       used 65463K, committed 66752K, reserved 1114112K
  class space    used 7671K, committed 8192K, reserved 1048576K
}
Event: 91422.896 GC heap after
{Heap after GC invocations=47 (full 3):
 PSYoungGen      total 14848K, used 320K [0x00000000d5580000, 0x00000000d6580000, 0x0000000100000000)
  eden space 14336K, 0% used [0x00000000d5580000,0x00000000d5580000,0x00000000d6380000)
  from space 512K, 62% used [0x00000000d6500000,0x00000000d6550000,0x00000000d6580000)
  to   space 512K, 0% used [0x00000000d6480000,0x00000000d6480000,0x00000000d6500000)
 ParOldGen       total 68608K, used 58097K [0x0000000080000000, 0x0000000084300000, 0x00000000d5580000)
  object space 68608K, 84% used [0x0000000080000000,0x00000000838bc790,0x0000000084300000)
 Metaspace       used 65463K, committed 66752K, reserved 1114112K
  class space    used 7671K, committed 8192K, reserved 1048576K
}
Event: 91423.646 GC heap before
{Heap before GC invocations=48 (full 3):
 PSYoungGen      total 14848K, used 14656K [0x00000000d5580000, 0x00000000d6580000, 0x0000000100000000)
  eden space 14336K, 100% used [0x00000000d5580000,0x00000000d6380000,0x00000000d6380000)
  from space 512K, 62% used [0x00000000d6500000,0x00000000d6550000,0x00000000d6580000)
  to   space 512K, 0% used [0x00000000d6480000,0x00000000d6480000,0x00000000d6500000)
 ParOldGen       total 68608K, used 58097K [0x0000000080000000, 0x0000000084300000, 0x00000000d5580000)
  object space 68608K, 84% used [0x0000000080000000,0x00000000838bc790,0x0000000084300000)
 Metaspace       used 65499K, committed 66880K, reserved 1114112K
  class space    used 7675K, committed 8256K, reserved 1048576K
}
Event: 91423.647 GC heap after
{Heap after GC invocations=48 (full 3):
 PSYoungGen      total 14848K, used 320K [0x00000000d5580000, 0x00000000d6580000, 0x0000000100000000)
  eden space 14336K, 0% used [0x00000000d5580000,0x00000000d5580000,0x00000000d6380000)
  from space 512K, 62% used [0x00000000d6480000,0x00000000d64d0000,0x00000000d6500000)
  to   space 512K, 0% used [0x00000000d6500000,0x00000000d6500000,0x00000000d6580000)
 ParOldGen       total 68608K, used 58161K [0x0000000080000000, 0x0000000084300000, 0x00000000d5580000)
  object space 68608K, 84% used [0x0000000080000000,0x00000000838cc790,0x0000000084300000)
 Metaspace       used 65499K, committed 66880K, reserved 1114112K
  class space    used 7675K, committed 8256K, reserved 1048576K
}
Event: 91424.235 GC heap before
{Heap before GC invocations=49 (full 3):
 PSYoungGen      total 14848K, used 14656K [0x00000000d5580000, 0x00000000d6580000, 0x0000000100000000)
  eden space 14336K, 100% used [0x00000000d5580000,0x00000000d6380000,0x00000000d6380000)
  from space 512K, 62% used [0x00000000d6480000,0x00000000d64d0000,0x00000000d6500000)
  to   space 512K, 0% used [0x00000000d6500000,0x00000000d6500000,0x00000000d6580000)
 ParOldGen       total 68608K, used 58161K [0x0000000080000000, 0x0000000084300000, 0x00000000d5580000)
  object space 68608K, 84% used [0x0000000080000000,0x00000000838cc790,0x0000000084300000)
 Metaspace       used 65516K, committed 66880K, reserved 1114112K
  class space    used 7675K, committed 8256K, reserved 1048576K
}
Event: 91424.236 GC heap after
{Heap after GC invocations=49 (full 3):
 PSYoungGen      total 14848K, used 192K [0x00000000d5580000, 0x00000000d6580000, 0x0000000100000000)
  eden space 14336K, 0% used [0x00000000d5580000,0x00000000d5580000,0x00000000d6380000)
  from space 512K, 37% used [0x00000000d6500000,0x00000000d6530000,0x00000000d6580000)
  to   space 512K, 0% used [0x00000000d6480000,0x00000000d6480000,0x00000000d6500000)
 ParOldGen       total 68608K, used 58201K [0x0000000080000000, 0x0000000084300000, 0x00000000d5580000)
  object space 68608K, 84% used [0x0000000080000000,0x00000000838d6790,0x0000000084300000)
 Metaspace       used 65516K, committed 66880K, reserved 1114112K
  class space    used 7675K, committed 8256K, reserved 1048576K
}
Event: 91424.707 GC heap before
{Heap before GC invocations=50 (full 3):
 PSYoungGen      total 14848K, used 14528K [0x00000000d5580000, 0x00000000d6580000, 0x0000000100000000)
  eden space 14336K, 100% used [0x00000000d5580000,0x00000000d6380000,0x00000000d6380000)
  from space 512K, 37% used [0x00000000d6500000,0x00000000d6530000,0x00000000d6580000)
  to   space 512K, 0% used [0x00000000d6480000,0x00000000d6480000,0x00000000d6500000)
 ParOldGen       total 68608K, used 58201K [0x0000000080000000, 0x0000000084300000, 0x00000000d5580000)
  object space 68608K, 84% used [0x0000000080000000,0x00000000838d6790,0x0000000084300000)
 Metaspace       used 65531K, committed 66880K, reserved 1114112K
  class space    used 7675K, committed 8256K, reserved 1048576K
}
Event: 91424.709 GC heap after
{Heap after GC invocations=50 (full 3):
 PSYoungGen      total 14848K, used 128K [0x00000000d5580000, 0x00000000d6580000, 0x0000000100000000)
  eden space 14336K, 0% used [0x00000000d5580000,0x00000000d5580000,0x00000000d6380000)
  from space 512K, 25% used [0x00000000d6480000,0x00000000d64a0000,0x00000000d6500000)
  to   space 512K, 0% used [0x00000000d6500000,0x00000000d6500000,0x00000000d6580000)
 ParOldGen       total 68608K, used 58225K [0x0000000080000000, 0x0000000084300000, 0x00000000d5580000)
  object space 68608K, 84% used [0x0000000080000000,0x00000000838dc790,0x0000000084300000)
 Metaspace       used 65531K, committed 66880K, reserved 1114112K
  class space    used 7675K, committed 8256K, reserved 1048576K
}
Event: 91425.203 GC heap before
{Heap before GC invocations=51 (full 3):
 PSYoungGen      total 14848K, used 14464K [0x00000000d5580000, 0x00000000d6580000, 0x0000000100000000)
  eden space 14336K, 100% used [0x00000000d5580000,0x00000000d6380000,0x00000000d6380000)
  from space 512K, 25% used [0x00000000d6480000,0x00000000d64a0000,0x00000000d6500000)
  to   space 512K, 0% used [0x00000000d6500000,0x00000000d6500000,0x00000000d6580000)
 ParOldGen       total 68608K, used 58225K [0x0000000080000000, 0x0000000084300000, 0x00000000d5580000)
  object space 68608K, 84% used [0x0000000080000000,0x00000000838dc790,0x0000000084300000)
 Metaspace       used 65558K, committed 66944K, reserved 1114112K
  class space    used 7675K, committed 8256K, reserved 1048576K
}
Event: 91425.205 GC heap after
{Heap after GC invocations=51 (full 3):
 PSYoungGen      total 14848K, used 288K [0x00000000d5580000, 0x00000000d6580000, 0x0000000100000000)
  eden space 14336K, 0% used [0x00000000d5580000,0x00000000d5580000,0x00000000d6380000)
  from space 512K, 56% used [0x00000000d6500000,0x00000000d6548000,0x00000000d6580000)
  to   space 512K, 0% used [0x00000000d6480000,0x00000000d6480000,0x00000000d6500000)
 ParOldGen       total 68608K, used 58281K [0x0000000080000000, 0x0000000084300000, 0x00000000d5580000)
  object space 68608K, 84% used [0x0000000080000000,0x00000000838ea790,0x0000000084300000)
 Metaspace       used 65558K, committed 66944K, reserved 1114112K
  class space    used 7675K, committed 8256K, reserved 1048576K
}
Event: 91425.848 GC heap before
{Heap before GC invocations=52 (full 3):
 PSYoungGen      total 14848K, used 14624K [0x00000000d5580000, 0x00000000d6580000, 0x0000000100000000)
  eden space 14336K, 100% used [0x00000000d5580000,0x00000000d6380000,0x00000000d6380000)
  from space 512K, 56% used [0x00000000d6500000,0x00000000d6548000,0x00000000d6580000)
  to   space 512K, 0% used [0x00000000d6480000,0x00000000d6480000,0x00000000d6500000)
 ParOldGen       total 68608K, used 58281K [0x0000000080000000, 0x0000000084300000, 0x00000000d5580000)
  object space 68608K, 84% used [0x0000000080000000,0x00000000838ea790,0x0000000084300000)
 Metaspace       used 65568K, committed 66944K, reserved 1114112K
  class space    used 7675K, committed 8256K, reserved 1048576K
}
Event: 91425.849 GC heap after
{Heap after GC invocations=52 (full 3):
 PSYoungGen      total 14848K, used 320K [0x00000000d5580000, 0x00000000d6580000, 0x0000000100000000)
  eden space 14336K, 0% used [0x00000000d5580000,0x00000000d5580000,0x00000000d6380000)
  from space 512K, 62% used [0x00000000d6480000,0x00000000d64d0000,0x00000000d6500000)
  to   space 512K, 0% used [0x00000000d6500000,0x00000000d6500000,0x00000000d6580000)
 ParOldGen       total 68608K, used 58353K [0x0000000080000000, 0x0000000084300000, 0x00000000d5580000)
  object space 68608K, 85% used [0x0000000080000000,0x00000000838fc790,0x0000000084300000)
 Metaspace       used 65568K, committed 66944K, reserved 1114112K
  class space    used 7675K, committed 8256K, reserved 1048576K
}

Dll operation events (15 events):
Event: 0.016 Loaded shared library c:\Users\barek\.vscode\extensions\redhat.java-1.53.0-win32-x64\jre\21.0.10-win32-x86_64\bin\java.dll
Event: 0.144 Loaded shared library c:\Users\barek\.vscode\extensions\redhat.java-1.53.0-win32-x64\jre\21.0.10-win32-x86_64\bin\zip.dll
Event: 0.182 Loaded shared library C:\Users\barek\.vscode\extensions\redhat.java-1.53.0-win32-x64\jre\21.0.10-win32-x86_64\bin\instrument.dll
Event: 0.195 Loaded shared library C:\Users\barek\.vscode\extensions\redhat.java-1.53.0-win32-x64\jre\21.0.10-win32-x86_64\bin\net.dll
Event: 0.199 Loaded shared library C:\Users\barek\.vscode\extensions\redhat.java-1.53.0-win32-x64\jre\21.0.10-win32-x86_64\bin\nio.dll
Event: 0.207 Loaded shared library C:\Users\barek\.vscode\extensions\redhat.java-1.53.0-win32-x64\jre\21.0.10-win32-x86_64\bin\zip.dll
Event: 0.242 Loaded shared library C:\Users\barek\.vscode\extensions\redhat.java-1.53.0-win32-x64\jre\21.0.10-win32-x86_64\bin\jimage.dll
Event: 0.402 Loaded shared library c:\Users\barek\.vscode\extensions\redhat.java-1.53.0-win32-x64\jre\21.0.10-win32-x86_64\bin\verify.dll
Event: 12.138 Loaded shared library C:\Users\barek\AppData\Roaming\Code\User\globalStorage\redhat.java\1.53.0\config_win\org.eclipse.equinox.launcher\org.eclipse.equinox.launcher.win32.win32.x86_64_1.3.0.v20260203-2149\eclipse_11919.dll
Event: 22.794 Loaded shared library C:\Users\barek\AppData\Local\Temp\jna-93507577\jna14429191643469849462.dll
Event: 38.271 Loaded shared library C:\Users\barek\.gradle\native\68d5fa5c4cc2d200863cafc0d521ce42e7d3e7ee720ec0a83991735586a16f82\windows-amd64\native-platform.dll
Event: 44.756 Loaded shared library C:\Users\barek\.vscode\extensions\redhat.java-1.53.0-win32-x64\jre\21.0.10-win32-x86_64\bin\management.dll
Event: 44.760 Loaded shared library C:\Users\barek\.vscode\extensions\redhat.java-1.53.0-win32-x64\jre\21.0.10-win32-x86_64\bin\management_ext.dll
Event: 45.392 Loaded shared library C:\Users\barek\.vscode\extensions\redhat.java-1.53.0-win32-x64\jre\21.0.10-win32-x86_64\bin\sunmscapi.dll
Event: 45.445 Loaded shared library C:\Users\barek\.vscode\extensions\redhat.java-1.53.0-win32-x64\jre\21.0.10-win32-x86_64\bin\extnet.dll

Deoptimization events (20 events):
Event: 91723.100 Thread 0x000001e5040b0f00 Uncommon trap: trap_request=0xffffffc6 fr.pc=0x000001e52f42870c relative=0x000000000000108c
Event: 91723.100 Thread 0x000001e5040b0f00 Uncommon trap: reason=bimorphic_or_optimized_type_check action=maybe_recompile pc=0x000001e52f42870c method=java.io.DataOutputStream.write([BII)V @ 7 c2
Event: 91723.100 Thread 0x000001e5040b0f00 DEOPT PACKING pc=0x000001e52f42870c sp=0x00000022f15fec10
Event: 91723.100 Thread 0x000001e5040b0f00 DEOPT UNPACKING pc=0x000001e52ead3aa2 sp=0x00000022f15feb50 mode 2
Event: 91723.101 Thread 0x000001e5040b0f00 Uncommon trap: trap_request=0xffffffc6 fr.pc=0x000001e52f430c8c relative=0x000000000000078c
Event: 91723.101 Thread 0x000001e5040b0f00 Uncommon trap: reason=bimorphic_or_optimized_type_check action=maybe_recompile pc=0x000001e52f430c8c method=java.io.DataOutputStream.writeInt(I)V @ 19 c2
Event: 91723.101 Thread 0x000001e5040b0f00 DEOPT PACKING pc=0x000001e52f430c8c sp=0x00000022f15feb80
Event: 91723.101 Thread 0x000001e5040b0f00 DEOPT UNPACKING pc=0x000001e52ead3aa2 sp=0x00000022f15feb58 mode 2
Event: 91723.101 Thread 0x000001e5040b0f00 Uncommon trap: trap_request=0xffffffc6 fr.pc=0x000001e52f430c8c relative=0x000000000000078c
Event: 91723.101 Thread 0x000001e5040b0f00 Uncommon trap: reason=bimorphic_or_optimized_type_check action=maybe_recompile pc=0x000001e52f430c8c method=java.io.DataOutputStream.writeInt(I)V @ 19 c2
Event: 91723.101 Thread 0x000001e5040b0f00 DEOPT PACKING pc=0x000001e52f430c8c sp=0x00000022f15feb10
Event: 91723.101 Thread 0x000001e5040b0f00 DEOPT UNPACKING pc=0x000001e52ead3aa2 sp=0x00000022f15feae8 mode 2
Event: 91723.127 Thread 0x000001e5040b0f00 Uncommon trap: trap_request=0xffffff45 fr.pc=0x000001e52f1c57c0 relative=0x00000000000001a0
Event: 91723.127 Thread 0x000001e5040b0f00 Uncommon trap: reason=unstable_if action=reinterpret pc=0x000001e52f1c57c0 method=jdk.internal.org.objectweb.asm.Frame.push(I)V @ 26 c2
Event: 91723.127 Thread 0x000001e5040b0f00 DEOPT PACKING pc=0x000001e52f1c57c0 sp=0x00000022f15fd670
Event: 91723.127 Thread 0x000001e5040b0f00 DEOPT UNPACKING pc=0x000001e52ead3aa2 sp=0x00000022f15fd5f8 mode 2
Event: 91723.321 Thread 0x000001e5040b0f00 Uncommon trap: trap_request=0xffffff45 fr.pc=0x000001e52f6092dc relative=0x000000000000201c
Event: 91723.321 Thread 0x000001e5040b0f00 Uncommon trap: reason=unstable_if action=reinterpret pc=0x000001e52f6092dc method=org.eclipse.jdt.ls.core.internal.filesystem.JLSFile.getFileStore(Lorg/eclipse/core/runtime/IPath;)Lorg/eclipse/core/filesystem/IFileStore; @ 20 c2
Event: 91723.321 Thread 0x000001e5040b0f00 DEOPT PACKING pc=0x000001e52f6092dc sp=0x00000022f15fefa0
Event: 91723.321 Thread 0x000001e5040b0f00 DEOPT UNPACKING pc=0x000001e52ead3aa2 sp=0x00000022f15feed8 mode 2

Classes loaded (20 events):
Event: 91425.934 Loading class java/io/ObjectOutputStream$BlockDataOutputStream
Event: 91425.937 Loading class java/io/ObjectOutputStream$BlockDataOutputStream done
Event: 91425.937 Loading class java/io/ObjectOutputStream$HandleTable
Event: 91425.938 Loading class java/io/ObjectOutputStream$HandleTable done
Event: 91425.938 Loading class java/io/ObjectOutputStream$ReplaceTable
Event: 91425.940 Loading class java/io/ObjectOutputStream$ReplaceTable done
Event: 91722.773 Loading class java/util/stream/Nodes$CollectorTask$OfRef
Event: 91722.783 Loading class java/util/stream/Nodes$CollectorTask
Event: 91722.795 Loading class java/util/stream/Nodes$CollectorTask done
Event: 91722.795 Loading class java/util/stream/Nodes$CollectorTask$OfRef done
Event: 91722.799 Loading class java/util/function/LongFunction
Event: 91722.801 Loading class java/util/function/LongFunction done
Event: 91722.808 Loading class java/util/stream/Nodes$ConcNode
Event: 91722.811 Loading class java/util/stream/Nodes$AbstractConcNode
Event: 91722.815 Loading class java/util/stream/Nodes$AbstractConcNode done
Event: 91722.815 Loading class java/util/stream/Nodes$ConcNode done
Event: 91723.028 Loading class java/util/stream/Nodes$ToArrayTask$OfRef
Event: 91723.030 Loading class java/util/stream/Nodes$ToArrayTask
Event: 91723.031 Loading class java/util/stream/Nodes$ToArrayTask done
Event: 91723.031 Loading class java/util/stream/Nodes$ToArrayTask$OfRef done

Classes unloaded (20 events):
Event: 23.445 Thread 0x000001e5242e4940 Unloading class 0x000001e53c1a9000 'java/lang/invoke/LambdaForm$MH+0x000001e53c1a9000'
Event: 23.445 Thread 0x000001e5242e4940 Unloading class 0x000001e53c1a8c00 'java/lang/invoke/LambdaForm$MH+0x000001e53c1a8c00'
Event: 23.445 Thread 0x000001e5242e4940 Unloading class 0x000001e53c1a8800 'java/lang/invoke/LambdaForm$MH+0x000001e53c1a8800'
Event: 23.445 Thread 0x000001e5242e4940 Unloading class 0x000001e53c1a8400 'java/lang/invoke/LambdaForm$MH+0x000001e53c1a8400'
Event: 23.445 Thread 0x000001e5242e4940 Unloading class 0x000001e53c1a8000 'java/lang/invoke/LambdaForm$BMH+0x000001e53c1a8000'
Event: 23.445 Thread 0x000001e5242e4940 Unloading class 0x000001e53c1a7c00 'java/lang/invoke/LambdaForm$DMH+0x000001e53c1a7c00'
Event: 23.445 Thread 0x000001e5242e4940 Unloading class 0x000001e53c1a6800 'java/lang/invoke/LambdaForm$DMH+0x000001e53c1a6800'
Event: 24.668 Thread 0x000001e5242e4940 Unloading class 0x000001e53c3b0800 'java/lang/invoke/LambdaForm$MH+0x000001e53c3b0800'
Event: 24.668 Thread 0x000001e5242e4940 Unloading class 0x000001e53c3b0400 'java/lang/invoke/LambdaForm$MH+0x000001e53c3b0400'
Event: 24.668 Thread 0x000001e5242e4940 Unloading class 0x000001e53c3afc00 'java/lang/invoke/LambdaForm$MH+0x000001e53c3afc00'
Event: 24.668 Thread 0x000001e5242e4940 Unloading class 0x000001e53c3af000 'java/lang/invoke/LambdaForm$MH+0x000001e53c3af000'
Event: 24.668 Thread 0x000001e5242e4940 Unloading class 0x000001e53c3aec00 'java/lang/invoke/LambdaForm$DMH+0x000001e53c3aec00'
Event: 24.668 Thread 0x000001e5242e4940 Unloading class 0x000001e53c3ae400 'java/lang/invoke/LambdaForm$MH+0x000001e53c3ae400'
Event: 24.668 Thread 0x000001e5242e4940 Unloading class 0x000001e53c3aa800 'java/lang/invoke/LambdaForm$MH+0x000001e53c3aa800'
Event: 24.668 Thread 0x000001e5242e4940 Unloading class 0x000001e53c3aa000 'java/lang/invoke/LambdaForm$MH+0x000001e53c3aa000'
Event: 24.668 Thread 0x000001e5242e4940 Unloading class 0x000001e53c3a9800 'java/lang/invoke/LambdaForm$MH+0x000001e53c3a9800'
Event: 24.668 Thread 0x000001e5242e4940 Unloading class 0x000001e53c3a9000 'java/lang/invoke/LambdaForm$MH+0x000001e53c3a9000'
Event: 24.668 Thread 0x000001e5242e4940 Unloading class 0x000001e53c3a8800 'java/lang/invoke/LambdaForm$MH+0x000001e53c3a8800'
Event: 24.668 Thread 0x000001e5242e4940 Unloading class 0x000001e53c3a8400 'java/lang/invoke/LambdaForm$MH+0x000001e53c3a8400'
Event: 24.668 Thread 0x000001e5242e4940 Unloading class 0x000001e53c3a2c00 'java/lang/invoke/LambdaForm$MH+0x000001e53c3a2c00'

Classes redefined (0 events):
No events

Internal exceptions (20 events):
Event: 91421.848 Thread 0x000001e50430c4e0 Exception <a 'sun/nio/fs/WindowsException'{0x00000000d60771d8}> (0x00000000d60771d8) 
thrown [s\src\hotspot\share\prims\jni.cpp, line 520]
Event: 91421.854 Thread 0x000001e50430c4e0 Exception <a 'sun/nio/fs/WindowsException'{0x00000000d6078928}> (0x00000000d6078928) 
thrown [s\src\hotspot\share\prims\jni.cpp, line 520]
Event: 91421.854 Thread 0x000001e50430c4e0 Exception <a 'sun/nio/fs/WindowsException'{0x00000000d6079208}> (0x00000000d6079208) 
thrown [s\src\hotspot\share\prims\jni.cpp, line 520]
Event: 91421.855 Thread 0x000001e50430c4e0 Exception <a 'sun/nio/fs/WindowsException'{0x00000000d607a970}> (0x00000000d607a970) 
thrown [s\src\hotspot\share\prims\jni.cpp, line 520]
Event: 91421.855 Thread 0x000001e50430c4e0 Exception <a 'sun/nio/fs/WindowsException'{0x00000000d607b250}> (0x00000000d607b250) 
thrown [s\src\hotspot\share\prims\jni.cpp, line 520]
Event: 91421.930 Thread 0x000001e50430c4e0 Exception <a 'java/lang/NoSuchMethodError'{0x00000000d6103fa0}: 'java.lang.Object java.lang.invoke.DirectMethodHandle$Holder.invokeStatic(java.lang.Object, java.lang.Object, int, java.lang.Object)'> (0x00000000d6103fa0) 
thrown [s\src\hotspot\share\interpreter\linkResolver.cpp, line 773]
Event: 91421.932 Thread 0x000001e50430c4e0 Exception <a 'java/lang/NoSuchMethodError'{0x00000000d610a7b0}: 'java.lang.Object java.lang.invoke.DirectMethodHandle$Holder.newInvokeSpecial(java.lang.Object, java.lang.Object, int)'> (0x00000000d610a7b0) 
thrown [s\src\hotspot\share\interpreter\linkResolver.cpp, line 773]
Event: 91422.150 Thread 0x000001e50430c4e0 Exception <a 'java/io/FileNotFoundException'{0x00000000d637a9a0}> (0x00000000d637a9a0) 
thrown [s\src\hotspot\share\prims\jni.cpp, line 520]
Event: 91422.150 Thread 0x000001e50430c4e0 Exception <a 'java/io/FileNotFoundException'{0x00000000d637bda0}> (0x00000000d637bda0) 
thrown [s\src\hotspot\share\prims\jni.cpp, line 520]
Event: 91427.018 Thread 0x000001e5040b0f00 Exception <a 'java/io/FileNotFoundException'{0x00000000d58cc6d0}> (0x00000000d58cc6d0) 
thrown [s\src\hotspot\share\prims\jni.cpp, line 520]
Event: 91427.020 Thread 0x000001e5040b0f00 Exception <a 'java/io/FileNotFoundException'{0x00000000d58cde38}> (0x00000000d58cde38) 
thrown [s\src\hotspot\share\prims\jni.cpp, line 520]
Event: 91427.020 Thread 0x000001e5040b0f00 Exception <a 'java/io/FileNotFoundException'{0x00000000d58cf6e0}> (0x00000000d58cf6e0) 
thrown [s\src\hotspot\share\prims\jni.cpp, line 520]
Event: 91722.990 Thread 0x000001e5040b0f00 Exception <a 'sun/nio/fs/WindowsException'{0x00000000d5bd1d60}> (0x00000000d5bd1d60) 
thrown [s\src\hotspot\share\prims\jni.cpp, line 520]
Event: 91722.993 Thread 0x000001e5040b0f00 Exception <a 'sun/nio/fs/WindowsException'{0x00000000d5bd2888}> (0x00000000d5bd2888) 
thrown [s\src\hotspot\share\prims\jni.cpp, line 520]
Event: 91723.000 Thread 0x000001e5040b0f00 Exception <a 'sun/nio/fs/WindowsException'{0x00000000d5bd4738}> (0x00000000d5bd4738) 
thrown [s\src\hotspot\share\prims\jni.cpp, line 520]
Event: 91723.000 Thread 0x000001e5040b0f00 Exception <a 'sun/nio/fs/WindowsException'{0x00000000d5bd5258}> (0x00000000d5bd5258) 
thrown [s\src\hotspot\share\prims\jni.cpp, line 520]
Event: 91723.001 Thread 0x000001e5040b0f00 Exception <a 'sun/nio/fs/WindowsException'{0x00000000d5bd6c58}> (0x00000000d5bd6c58) 
thrown [s\src\hotspot\share\prims\jni.cpp, line 520]
Event: 91723.001 Thread 0x000001e5040b0f00 Exception <a 'sun/nio/fs/WindowsException'{0x00000000d5bd7780}> (0x00000000d5bd7780) 
thrown [s\src\hotspot\share\prims\jni.cpp, line 520]
Event: 91723.008 Thread 0x000001e5040b0f00 Implicit null exception at 0x000001e52f574a06 to 0x000001e52f574cc0
Event: 91723.140 Thread 0x000001e5040b0f00 Exception <a 'java/lang/NoSuchMethodError'{0x00000000d5c7e0f0}: 'java.lang.Object java.lang.invoke.DirectMethodHandle$Holder.newInvokeSpecial(java.lang.Object, java.lang.Object, java.lang.Object, java.lang.Object, java.lang.Object, java.lang.Object, java.lang.Object, java.lang.Object)'> (0x00000000d5c7e0f0) 
thrown [s\src\hotspot\share\interpreter\linkResolver.cpp, line 773]

ZGC Phase Switch (0 events):
No events

VM Operations (20 events):
Event: 92759.966 Executing non-safepoint VM operation: RendezvousGCThreads
Event: 92759.966 Executing non-safepoint VM operation: RendezvousGCThreads done
Event: 93236.630 Executing safepoint VM operation: Cleanup
Event: 93236.634 Executing safepoint VM operation: Cleanup done
Event: 93241.084 Executing non-safepoint VM operation: HandshakeAllThreads (HandshakeForDeflation)
Event: 93241.084 Executing non-safepoint VM operation: HandshakeAllThreads (HandshakeForDeflation) done
Event: 93241.084 Executing non-safepoint VM operation: RendezvousGCThreads
Event: 93241.084 Executing non-safepoint VM operation: RendezvousGCThreads done
Event: 93301.286 Executing non-safepoint VM operation: HandshakeAllThreads (HandshakeForDeflation)
Event: 93301.288 Executing non-safepoint VM operation: HandshakeAllThreads (HandshakeForDeflation) done
Event: 93301.288 Executing non-safepoint VM operation: RendezvousGCThreads
Event: 93301.288 Executing non-safepoint VM operation: RendezvousGCThreads done
Event: 93361.368 Executing non-safepoint VM operation: HandshakeAllThreads (HandshakeForDeflation)
Event: 93361.368 Executing non-safepoint VM operation: HandshakeAllThreads (HandshakeForDeflation) done
Event: 93361.368 Executing non-safepoint VM operation: RendezvousGCThreads
Event: 93361.368 Executing non-safepoint VM operation: RendezvousGCThreads done
Event: 93421.472 Executing non-safepoint VM operation: HandshakeAllThreads (HandshakeForDeflation)
Event: 93421.472 Executing non-safepoint VM operation: HandshakeAllThreads (HandshakeForDeflation) done
Event: 93421.472 Executing non-safepoint VM operation: RendezvousGCThreads
Event: 93421.472 Executing non-safepoint VM operation: RendezvousGCThreads done

Memory protections (0 events):
No events

Nmethod flushes (20 events):
Event: 45.672 Thread 0x000001e5242e4940 flushing  nmethod 0x000001e527e2ee90
Event: 45.672 Thread 0x000001e5242e4940 flushing  nmethod 0x000001e527e2f590
Event: 45.672 Thread 0x000001e5242e4940 flushing  nmethod 0x000001e527e31790
Event: 45.672 Thread 0x000001e5242e4940 flushing  nmethod 0x000001e527e3b690
Event: 45.672 Thread 0x000001e5242e4940 flushing  nmethod 0x000001e527e50410
Event: 45.672 Thread 0x000001e5242e4940 flushing  nmethod 0x000001e527e68a90
Event: 45.672 Thread 0x000001e5242e4940 flushing  nmethod 0x000001e527e77510
Event: 45.672 Thread 0x000001e5242e4940 flushing  nmethod 0x000001e527ea5410
Event: 45.672 Thread 0x000001e5242e4940 flushing  nmethod 0x000001e527ea6f10
Event: 45.672 Thread 0x000001e5242e4940 flushing  nmethod 0x000001e527ea8810
Event: 45.672 Thread 0x000001e5242e4940 flushing  nmethod 0x000001e527eb3a90
Event: 45.672 Thread 0x000001e5242e4940 flushing  nmethod 0x000001e527eb4210
Event: 45.672 Thread 0x000001e5242e4940 flushing  nmethod 0x000001e527eb4590
Event: 45.672 Thread 0x000001e5242e4940 flushing  nmethod 0x000001e527eb4910
Event: 45.672 Thread 0x000001e5242e4940 flushing  nmethod 0x000001e527eb5710
Event: 45.672 Thread 0x000001e5242e4940 flushing  nmethod 0x000001e527eb8c90
Event: 45.672 Thread 0x000001e5242e4940 flushing  nmethod 0x000001e527eb9090
Event: 45.672 Thread 0x000001e5242e4940 flushing  nmethod 0x000001e527ec8790
Event: 45.672 Thread 0x000001e5242e4940 flushing  nmethod 0x000001e527eda710
Event: 45.672 Thread 0x000001e5242e4940 flushing  nmethod 0x000001e527f01c90

Events (20 events):
Event: 137.642 Thread 0x000001e50430cb70 Thread exited: 0x000001e50430cb70
Event: 137.657 Thread 0x000001e5040b3660 Thread exited: 0x000001e5040b3660
Event: 197.614 Thread 0x000001e50430b7c0 Thread exited: 0x000001e50430b7c0
Event: 257.625 Thread 0x000001e506f1e9d0 Thread exited: 0x000001e506f1e9d0
Event: 317.625 Thread 0x000001e506f1b550 Thread exited: 0x000001e506f1b550
Event: 377.626 Thread 0x000001e50430b130 Thread exited: 0x000001e50430b130
Event: 91421.586 Thread 0x000001e52440b2a0 Thread added: 0x000001e5059f47f0
Event: 91422.044 Thread 0x000001e5059f47f0 Thread exited: 0x000001e5059f47f0
Event: 91424.959 Thread 0x000001e52440b2a0 Thread added: 0x000001e50495cc70
Event: 91425.170 Thread 0x000001e50495cc70 Thread exited: 0x000001e50495cc70
Event: 91722.731 Thread 0x000001e5040b0f00 Thread added: 0x000001e506f1c270
Event: 91722.827 Thread 0x000001e506f1c270 Thread exited: 0x000001e506f1c270
Event: 91723.018 Thread 0x000001e5040b0f00 Thread added: 0x000001e506f1c270
Event: 91723.027 Thread 0x000001e506f1c270 Thread added: 0x000001e506f1cf90
Event: 91723.033 Thread 0x000001e506f1cf90 Thread added: 0x000001e506f1a1a0
Event: 91723.034 Thread 0x000001e506f1c270 Thread added: 0x000001e506f21130
Event: 91723.036 Thread 0x000001e506f1a1a0 Thread exited: 0x000001e506f1a1a0
Event: 91723.038 Thread 0x000001e506f21130 Thread exited: 0x000001e506f21130
Event: 91723.038 Thread 0x000001e506f1c270 Thread exited: 0x000001e506f1c270
Event: 91723.038 Thread 0x000001e506f1cf90 Thread exited: 0x000001e506f1cf90


Dynamic libraries:
0x00007ff61b150000 - 0x00007ff61b15e000 	c:\Users\barek\.vscode\extensions\redhat.java-1.53.0-win32-x64\jre\21.0.10-win32-x86_64\bin\java.exe
0x00007ffd05940000 - 0x00007ffd05ba7000 	C:\WINDOWS\SYSTEM32\ntdll.dll
0x00007ffd04320000 - 0x00007ffd043e9000 	C:\WINDOWS\System32\KERNEL32.DLL
0x00007ffd02ea0000 - 0x00007ffd03291000 	C:\WINDOWS\System32\KERNELBASE.dll
0x00007ffd034d0000 - 0x00007ffd0361b000 	C:\WINDOWS\System32\ucrtbase.dll
0x00007ffc7b340000 - 0x00007ffc7b358000 	c:\Users\barek\.vscode\extensions\redhat.java-1.53.0-win32-x64\jre\21.0.10-win32-x86_64\bin\jli.dll
0x00007ffd04cd0000 - 0x00007ffd04e95000 	C:\WINDOWS\System32\USER32.dll
0x00007ffc770e0000 - 0x00007ffc770fe000 	c:\Users\barek\.vscode\extensions\redhat.java-1.53.0-win32-x64\jre\21.0.10-win32-x86_64\bin\VCRUNTIME140.dll
0x00007ffd03410000 - 0x00007ffd03437000 	C:\WINDOWS\System32\win32u.dll
0x00007ffd03850000 - 0x00007ffd0387b000 	C:\WINDOWS\System32\GDI32.dll
0x00007ffd02220000 - 0x00007ffd0234b000 	C:\WINDOWS\System32\gdi32full.dll
0x00007ffd01420000 - 0x00007ffd016b3000 	C:\WINDOWS\WinSxS\amd64_microsoft.windows.common-controls_6595b64144ccf1df_6.0.26100.8037_none_3e092faae333b53b\COMCTL32.dll
0x00007ffd02bc0000 - 0x00007ffd02c63000 	C:\WINDOWS\System32\msvcp_win.dll
0x00007ffd05850000 - 0x00007ffd058f9000 	C:\WINDOWS\System32\msvcrt.dll
0x00007ffd03df0000 - 0x00007ffd03e21000 	C:\WINDOWS\System32\IMM32.DLL
0x00007ffcdea90000 - 0x00007ffcdea9c000 	c:\Users\barek\.vscode\extensions\redhat.java-1.53.0-win32-x64\jre\21.0.10-win32-x86_64\bin\vcruntime140_1.dll
0x00007ffc374e0000 - 0x00007ffc3756d000 	c:\Users\barek\.vscode\extensions\redhat.java-1.53.0-win32-x64\jre\21.0.10-win32-x86_64\bin\msvcp140.dll
0x00007ffc36730000 - 0x00007ffc374d1000 	c:\Users\barek\.vscode\extensions\redhat.java-1.53.0-win32-x64\jre\21.0.10-win32-x86_64\bin\server\jvm.dll
0x00007ffd03880000 - 0x00007ffd0393b000 	C:\WINDOWS\System32\ADVAPI32.dll
0x00007ffd03940000 - 0x00007ffd039e7000 	C:\WINDOWS\System32\sechost.dll
0x00007ffd04b80000 - 0x00007ffd04c98000 	C:\WINDOWS\System32\RPCRT4.dll
0x00007ffd03ce0000 - 0x00007ffd03d54000 	C:\WINDOWS\System32\WS2_32.dll
0x00007ffcf9410000 - 0x00007ffcf9445000 	C:\WINDOWS\SYSTEM32\WINMM.dll
0x00007ffcfaa50000 - 0x00007ffcfaa5b000 	C:\WINDOWS\SYSTEM32\VERSION.dll
0x00007ffd02080000 - 0x00007ffd020de000 	C:\WINDOWS\SYSTEM32\POWRPROF.dll
0x00007ffd02060000 - 0x00007ffd02074000 	C:\WINDOWS\SYSTEM32\UMPDC.dll
0x00007ffd00620000 - 0x00007ffd0063b000 	C:\WINDOWS\SYSTEM32\kernel.appcore.dll
0x00007ffc83ea0000 - 0x00007ffc83eaa000 	c:\Users\barek\.vscode\extensions\redhat.java-1.53.0-win32-x64\jre\21.0.10-win32-x86_64\bin\jimage.dll
0x00007ffd019d0000 - 0x00007ffd01c12000 	C:\WINDOWS\SYSTEM32\DBGHELP.DLL
0x00007ffd05380000 - 0x00007ffd05702000 	C:\WINDOWS\System32\combase.dll
0x00007ffd03bb0000 - 0x00007ffd03c87000 	C:\WINDOWS\System32\OLEAUT32.dll
0x00007ffd018c0000 - 0x00007ffd018fb000 	C:\WINDOWS\SYSTEM32\dbgcore.DLL
0x00007ffd02c70000 - 0x00007ffd02d15000 	C:\WINDOWS\System32\bcryptPrimitives.dll
0x00007ffc83e90000 - 0x00007ffc83e9f000 	c:\Users\barek\.vscode\extensions\redhat.java-1.53.0-win32-x64\jre\21.0.10-win32-x86_64\bin\instrument.dll
0x00007ffc75440000 - 0x00007ffc75460000 	c:\Users\barek\.vscode\extensions\redhat.java-1.53.0-win32-x64\jre\21.0.10-win32-x86_64\bin\java.dll
0x00007ffd04410000 - 0x00007ffd04b6f000 	C:\WINDOWS\System32\SHELL32.dll
0x00007ffd032a0000 - 0x00007ffd0340a000 	C:\WINDOWS\System32\wintypes.dll
0x00007ffd02350000 - 0x00007ffd02bb4000 	C:\WINDOWS\System32\windows.storage.dll
0x00007ffd05080000 - 0x00007ffd05177000 	C:\WINDOWS\System32\SHCORE.dll
0x00007ffd037e0000 - 0x00007ffd03847000 	C:\WINDOWS\System32\shlwapi.dll
0x00007ffd02140000 - 0x00007ffd02169000 	C:\WINDOWS\SYSTEM32\profapi.dll
0x00007ffc76820000 - 0x00007ffc76838000 	c:\Users\barek\.vscode\extensions\redhat.java-1.53.0-win32-x64\jre\21.0.10-win32-x86_64\bin\zip.dll
0x00007ffc77480000 - 0x00007ffc77490000 	C:\Users\barek\.vscode\extensions\redhat.java-1.53.0-win32-x64\jre\21.0.10-win32-x86_64\bin\net.dll
0x00007ffcf9a00000 - 0x00007ffcf9b27000 	C:\WINDOWS\SYSTEM32\WINHTTP.dll
0x00007ffd00bb0000 - 0x00007ffd00c1b000 	C:\WINDOWS\system32\mswsock.dll
0x00007ffc74950000 - 0x00007ffc74966000 	C:\Users\barek\.vscode\extensions\redhat.java-1.53.0-win32-x64\jre\21.0.10-win32-x86_64\bin\nio.dll
0x00007ffc75460000 - 0x00007ffc75470000 	c:\Users\barek\.vscode\extensions\redhat.java-1.53.0-win32-x64\jre\21.0.10-win32-x86_64\bin\verify.dll
0x00007ffc36490000 - 0x00007ffc364d5000 	C:\Users\barek\AppData\Roaming\Code\User\globalStorage\redhat.java\1.53.0\config_win\org.eclipse.equinox.launcher\org.eclipse.equinox.launcher.win32.win32.x86_64_1.3.0.v20260203-2149\eclipse_11919.dll
0x00007ffd03a00000 - 0x00007ffd03b95000 	C:\WINDOWS\System32\ole32.dll
0x00007ffd01d40000 - 0x00007ffd01d5b000 	C:\WINDOWS\SYSTEM32\CRYPTSP.dll
0x00007ffd00c60000 - 0x00007ffd00c99000 	C:\WINDOWS\system32\rsaenh.dll
0x00007ffd00ca0000 - 0x00007ffd00cd2000 	C:\WINDOWS\SYSTEM32\USERENV.dll
0x00007ffd02110000 - 0x00007ffd0213a000 	C:\WINDOWS\SYSTEM32\bcrypt.dll
0x00007ffd00f20000 - 0x00007ffd00f2c000 	C:\WINDOWS\SYSTEM32\CRYPTBASE.dll
0x00007ffcfffd0000 - 0x00007ffd00003000 	C:\WINDOWS\SYSTEM32\IPHLPAPI.DLL
0x00007ffd039f0000 - 0x00007ffd039fa000 	C:\WINDOWS\System32\NSI.dll
0x00007ffc363f0000 - 0x00007ffc36439000 	C:\Users\barek\AppData\Local\Temp\jna-93507577\jna14429191643469849462.dll
0x00007ffd05180000 - 0x00007ffd05188000 	C:\WINDOWS\System32\PSAPI.DLL
0x00007ffcf9ba0000 - 0x00007ffcf9bbd000 	C:\WINDOWS\SYSTEM32\dhcpcsvc6.DLL
0x00007ffcf9620000 - 0x00007ffcf9643000 	C:\WINDOWS\SYSTEM32\dhcpcsvc.DLL
0x00007ffcfcc60000 - 0x00007ffcfcc87000 	C:\Users\barek\.gradle\native\68d5fa5c4cc2d200863cafc0d521ce42e7d3e7ee720ec0a83991735586a16f82\windows-amd64\native-platform.dll
0x00007ffc75480000 - 0x00007ffc7548a000 	C:\Users\barek\.vscode\extensions\redhat.java-1.53.0-win32-x64\jre\21.0.10-win32-x86_64\bin\management.dll
0x00007ffc75470000 - 0x00007ffc7547c000 	C:\Users\barek\.vscode\extensions\redhat.java-1.53.0-win32-x64\jre\21.0.10-win32-x86_64\bin\management_ext.dll
0x00007ffcfe870000 - 0x00007ffcfe90f000 	C:\WINDOWS\system32\apphelp.dll
0x00007ffc71ca0000 - 0x00007ffc71cae000 	C:\Users\barek\.vscode\extensions\redhat.java-1.53.0-win32-x64\jre\21.0.10-win32-x86_64\bin\sunmscapi.dll
0x00007ffd02d20000 - 0x00007ffd02e97000 	C:\WINDOWS\System32\CRYPT32.dll
0x00007ffd012e0000 - 0x00007ffd01310000 	C:\WINDOWS\SYSTEM32\ncrypt.dll
0x00007ffd011d0000 - 0x00007ffd0120f000 	C:\WINDOWS\SYSTEM32\NTASN1.dll
0x00007ffc71c90000 - 0x00007ffc71c99000 	C:\Users\barek\.vscode\extensions\redhat.java-1.53.0-win32-x64\jre\21.0.10-win32-x86_64\bin\extnet.dll
0x00007ffd00120000 - 0x00007ffd0024a000 	C:\WINDOWS\SYSTEM32\DNSAPI.dll
0x00007ffcfae40000 - 0x00007ffcfae4b000 	C:\Windows\System32\rasadhlp.dll
0x00007ffcf63b0000 - 0x00007ffcf6436000 	C:\WINDOWS\System32\fwpuclnt.dll
0x00007ffcc76a0000 - 0x00007ffcc76a8000 	C:\WINDOWS\system32\wshunix.dll

JVMTI agents:
c:\Users\barek\.vscode\extensions\redhat.java-1.53.0-win32-x64\lombok\lombok-1.18.39-4050.jar path:c:\Users\barek\.vscode\extensions\redhat.java-1.53.0-win32-x64\jre\21.0.10-win32-x86_64\bin\instrument.dll, loaded, initialized, instrumentlib options:none

dbghelp: loaded successfully - version: 4.0.5 - missing functions: none
symbol engine: initialized successfully - sym options: 0x614 - pdb path: .;c:\Users\barek\.vscode\extensions\redhat.java-1.53.0-win32-x64\jre\21.0.10-win32-x86_64\bin;C:\WINDOWS\SYSTEM32;C:\WINDOWS\WinSxS\amd64_microsoft.windows.common-controls_6595b64144ccf1df_6.0.26100.8037_none_3e092faae333b53b;c:\Users\barek\.vscode\extensions\redhat.java-1.53.0-win32-x64\jre\21.0.10-win32-x86_64\bin\server;C:\Users\barek\AppData\Roaming\Code\User\globalStorage\redhat.java\1.53.0\config_win\org.eclipse.equinox.launcher\org.eclipse.equinox.launcher.win32.win32.x86_64_1.3.0.v20260203-2149;C:\Users\barek\AppData\Local\Temp\jna-93507577;C:\Users\barek\.gradle\native\68d5fa5c4cc2d200863cafc0d521ce42e7d3e7ee720ec0a83991735586a16f82\windows-amd64

VM Arguments:
jvm_args: --add-modules=ALL-SYSTEM --add-opens=java.base/java.util=ALL-UNNAMED --add-opens=java.base/java.lang=ALL-UNNAMED --add-opens=java.base/sun.nio.fs=ALL-UNNAMED -Declipse.application=org.eclipse.jdt.ls.core.id1 -Dosgi.bundles.defaultStartLevel=4 -Declipse.product=org.eclipse.jdt.ls.core.product -Djava.import.generatesMetadataFilesAtProjectRoot=false -DDetectVMInstallationsJob.disabled=true -Dfile.encoding=utf8 -XX:+UseParallelGC -XX:GCTimeRatio=4 -XX:AdaptiveSizePolicyWeight=90 -Dsun.zip.disableMemoryMapping=true -Xmx2G -Xms100m -Xlog:disable -javaagent:c:\Users\barek\.vscode\extensions\redhat.java-1.53.0-win32-x64\lombok\lombok-1.18.39-4050.jar -XX:+HeapDumpOnOutOfMemoryError -XX:HeapDumpPath=c:\Users\barek\AppData\Roaming\Code\User\workspaceStorage\1155acb17c0871c5a09cc416a4def1d1\redhat.java -Daether.dependencyCollector.impl=bf 
java_command: c:\Users\barek\.vscode\extensions\redhat.java-1.53.0-win32-x64\server\plugins\org.eclipse.equinox.launcher_1.7.100.v20251111-0406.jar -configuration c:\Users\barek\AppData\Roaming\Code\User\globalStorage\redhat.java\1.53.0\config_win -data c:\Users\barek\AppData\Roaming\Code\User\workspaceStorage\1155acb17c0871c5a09cc416a4def1d1\redhat.java\jdt_ws --pipe=\\.\pipe\lsp-05b66dd216bfe673e5e5d0c5a023dd31-sock
java_class_path (initial): c:\Users\barek\.vscode\extensions\redhat.java-1.53.0-win32-x64\server\plugins\org.eclipse.equinox.launcher_1.7.100.v20251111-0406.jar
Launcher Type: SUN_STANDARD

[Global flags]
    uintx AdaptiveSizePolicyWeight                 = 90                                        {product} {command line}
     intx CICompilerCount                          = 4                                         {product} {ergonomic}
    uintx GCTimeRatio                              = 4                                         {product} {command line}
     bool HeapDumpOnOutOfMemoryError               = true                                   {manageable} {command line}
    ccstr HeapDumpPath                             = c:\Users\barek\AppData\Roaming\Code\User\workspaceStorage\1155acb17c0871c5a09cc416a4def1d1\redhat.java         {manageable} {command line}
   size_t InitialHeapSize                          = 104857600                                 {product} {command line}
   size_t MaxHeapSize                              = 2147483648                                {product} {command line}
   size_t MaxNewSize                               = 715653120                                 {product} {ergonomic}
   size_t MinHeapDeltaBytes                        = 524288                                    {product} {ergonomic}
   size_t MinHeapSize                              = 104857600                                 {product} {command line}
   size_t NewSize                                  = 34603008                                  {product} {ergonomic}
    uintx NonNMethodCodeHeapSize                   = 5839372                                {pd product} {ergonomic}
    uintx NonProfiledCodeHeapSize                  = 122909434                              {pd product} {ergonomic}
   size_t OldSize                                  = 70254592                                  {product} {ergonomic}
    uintx ProfiledCodeHeapSize                     = 122909434                              {pd product} {ergonomic}
    uintx ReservedCodeCacheSize                    = 251658240                              {pd product} {ergonomic}
     bool SegmentedCodeCache                       = true                                      {product} {ergonomic}
   size_t SoftMaxHeapSize                          = 2147483648                             {manageable} {ergonomic}
     bool UseCompressedOops                        = true                           {product lp64_product} {ergonomic}
     bool UseLargePagesIndividualAllocation        = false                                  {pd product} {ergonomic}
     bool UseParallelGC                            = true                                      {product} {command line}

Logging:
Log output configuration:
 #0: stdout all=off uptime,level,tags foldmultilines=false
 #1: stderr all=off uptime,level,tags foldmultilines=false

Release file:
JAVA_VERSION="21.0.10" 
MODULES="java.base java.compiler java.datatransfer java.xml java.prefs java.desktop java.instrument java.logging java.management java.security.sasl java.naming java.rmi java.management.rmi java.net.http java.scripting java.security.jgss java.transaction.xa java.sql java.sql.rowset java.xml.crypto java.se java.smartcardio jdk.accessibility jdk.internal.jvmstat jdk.attach jdk.charsets jdk.internal.opt jdk.zipfs jdk.compiler jdk.crypto.ec jdk.crypto.cryptoki jdk.crypto.mscapi jdk.dynalink jdk.internal.ed jdk.editpad jdk.hotspot.agent jdk.httpserver jdk.internal.le jdk.internal.vm.ci jdk.internal.vm.compiler jdk.internal.vm.compiler.management jdk.jartool jdk.javadoc jdk.jcmd jdk.management jdk.management.agent jdk.jconsole jdk.jdeps jdk.jdwp.agent jdk.jdi jdk.jfr jdk.jshell jdk.jsobject jdk.jstatd jdk.localedata jdk.management.jfr jdk.naming.dns jdk.naming.rmi jdk.net jdk.nio.mapmode jdk.random jdk.sctp jdk.security.auth jdk.security.jgss jdk.unsupported jdk.unsupported.desktop jdk.xml.dom" 

Environment Variables:
PATH=C:\Program Files\Common Files\Oracle\Java\javapath;C:\WINDOWS\system32;C:\WINDOWS;C:\WINDOWS\System32\Wbem;C:\WINDOWS\System32\WindowsPowerShell\v1.0\;C:\WINDOWS\System32\OpenSSH\;C:\Program Files\Microsoft VS Code\bin;C:\Program Files\Git\cmd;C:\Program Files\Microsoft SQL Server\150\Tools\Binn\;C:\Program Files\Microsoft SQL Server\Client SDK\ODBC\170\Tools\Binn\;C:\Program Files (x86)\Microsoft SQL Server\160\Tools\Binn\;C:\Program Files\Microsoft SQL Server\160\Tools\Binn\;C:\Program Files\Microsoft SQL Server\160\DTS\Binn\;C:\Program Files (x86)\Microsoft SQL Server\160\DTS\Binn\;C:\Program Files\Azure Data Studio\bin;C:\Users\barek\AppData\Roaming\nvm;C:\Program Files\nodejs;C:\Program Files\Docker\Docker\resources\bin;C:\Program Files\dotnet\;C:\wamp64\bin\php\php7.4.33;C:\ProgramData\ComposerSetup\bin;C:\ProgramData\ComposerSetup\bin;C:\wamp64\bin\php\php7.4.33;C:\Users\barek\AppData\Local\Programs\Python\Python313\Scripts\;C:\Users\barek\AppData\Local\Programs\Python\Python313\;C:\Users\barek\AppData\Local\Programs\Python\Launcher\;C:\Users\barek\AppData\Local\Microsoft\WindowsApps;C:\Program Files\Azure Data Studio\bin;C:\Users\barek\AppData\Roaming\nvm;C:\Program Files\nodejs;C:\Users\barek\.dotnet\tools;C:\Users\barek\AppData\Roaming\Composer\vendor\bin;C:\ProgramData\ComposerSetup\bin;
USERNAME=barek
OS=Windows_NT
PROCESSOR_IDENTIFIER=AMD64 Family 23 Model 104 Stepping 1, AuthenticAMD
TMP=C:\Users\barek\AppData\Local\Temp
TEMP=C:\Users\barek\AppData\Local\Temp




Periodic native trim disabled

---------------  S Y S T E M  ---------------

OS:
 Windows 11 , 64 bit Build 26100 (10.0.26100.7920)
OS uptime: 1 days 2:16 hours
Hyper-V role detected

CPU: total 12 (initial active 12) (12 cores per cpu, 2 threads per core) family 23 model 104 stepping 1 microcode 0x8608103, cx8, cmov, fxsr, ht, mmx, 3dnowpref, sse, sse2, sse3, ssse3, sse4a, sse4.1, sse4.2, popcnt, lzcnt, tsc, tscinvbit, avx, avx2, aes, clmul, bmi1, bmi2, adx, sha, fma, vzeroupper, clflush, clflushopt, hv, rdtscp, rdpid, f16c
Processor Information for processor 0
  Max Mhz: 2100, Current Mhz: 1893, Mhz Limit: 2100
Processor Information for processor 1
  Max Mhz: 2100, Current Mhz: 1893, Mhz Limit: 2100
Processor Information for processor 2
  Max Mhz: 2100, Current Mhz: 1893, Mhz Limit: 2100
Processor Information for processor 3
  Max Mhz: 2100, Current Mhz: 1893, Mhz Limit: 2100
Processor Information for processor 4
  Max Mhz: 2100, Current Mhz: 1893, Mhz Limit: 2100
Processor Information for processor 5
  Max Mhz: 2100, Current Mhz: 1893, Mhz Limit: 2100
Processor Information for processor 6
  Max Mhz: 2100, Current Mhz: 1893, Mhz Limit: 2100
Processor Information for processor 7
  Max Mhz: 2100, Current Mhz: 1893, Mhz Limit: 2100
Processor Information for processor 8
  Max Mhz: 2100, Current Mhz: 1813, Mhz Limit: 2100
Processor Information for processor 9
  Max Mhz: 2100, Current Mhz: 1813, Mhz Limit: 2100
Processor Information for processor 10
  Max Mhz: 2100, Current Mhz: 1813, Mhz Limit: 2100
Processor Information for processor 11
  Max Mhz: 2100, Current Mhz: 1813, Mhz Limit: 2100

Memory: 4k page, system-wide physical 6005M (312M free)
TotalPageFile size 24437M (AvailPageFile size 4M)
current process WorkingSet (physical memory assigned to process): 8M, peak: 275M
current process commit charge ("private bytes"): 369M, peak: 401M

vm_info: OpenJDK 64-Bit Server VM (21.0.10+7-LTS) for windows-amd64 JRE (21.0.10+7-LTS), built on 2026-01-20T00:00:00Z by "admin" with MS VC++ 17.12 (VS2022)

END.
